生成启动时间为 2017/7/7 18:14:54。
     1>项目“D:\hlb\hlb_sale\frameworks\cocos2d-x\cocos\editor-support\spine\proj.win32\libSpine.vcxproj”在节点 2 上(Build 个目标)。
     1>ClCompile:
         D:\Program Files (x86)\Microsoft Visual Studio 12.0\VC\bin\CL.exe /c /I"D:\hlb\hlb_sale\frameworks\cocos2d-x\cocos\2d\..\..\\" /I"D:\hlb\hlb_sale\frameworks\cocos2d-x\cocos\2d\..\..\cocos\editor-support" /I"D:\hlb\hlb_sale\frameworks\cocos2d-x\cocos\2d\..\..\extensions" /I"D:\hlb\hlb_sale\frameworks\cocos2d-x\cocos\2d\..\..\cocos" /I"D:\hlb\hlb_sale\frameworks\cocos2d-x\cocos\2d\..\..\cocos/editor-support" /I"D:\hlb\hlb_sale\frameworks\cocos2d-x\cocos\2d\..\..\external\glfw3\include\win32" /I"D:\hlb\hlb_sale\frameworks\cocos2d-x\cocos\2d\..\..\external\win32-specific\gles\include\OGLES" /I"D:\hlb\hlb_sale\frameworks\cocos2d-x\cocos\2d\..\..\external\freetype2\include\win32\freetype2" /I"D:\hlb\hlb_sale\frameworks\cocos2d-x\cocos\2d\..\..\external\freetype2\include\win32\\" /I"D:\hlb\hlb_sale\frameworks\cocos2d-x\cocos\2d\..\..\external" /I"D:\hlb\hlb_sale\frameworks\cocos2d-x\cocos\2d\..\..\external\openssl\include\win32" /ZI /nologo /W3 /WX- /MP /Od /Oy- /D WIN32 /D _DEBUG /D _WINDOWS /D _LIB /D COCOS2DXWIN32_EXPORTS /D GL_GLEXT_PROTOTYPES /D COCOS2D_DEBUG=1 /D _CRT_SECURE_NO_WARNINGS /D _SCL_SECURE_NO_WARNINGS /D _VARIADIC_MAX=10 /D _USING_V110_SDK71_ /D _UNICODE /D UNICODE /Gm- /EHsc /RTC1 /MDd /GS /fp:precise /Zc:wchar_t /Zc:forScope /Fo"Debug.win32\\" /Fd"Debug.win32\vc120.pdb" /Gd /TP /wd4267 /wd4251 /wd4244 /analyze- /errorReport:prompt ..\AttachmentVertices.cpp ..\Cocos2dAttachmentLoader.cpp ..\SkeletonAnimation.cpp ..\SkeletonBatch.cpp ..\SkeletonRenderer.cpp "..\spine-cocos2dx.cpp"
         AttachmentVertices.cpp
         Cocos2dAttachmentLoader.cpp
         SkeletonAnimation.cpp
         SkeletonBatch.cpp
     1>d:\hlb\hlb_sale\frameworks\cocos2d-x\cocos\editor-support\spine\skeletonbatch.cpp(95): warning C4996: 'cocos2d::TrianglesCommand::init': 被声明为已否决
                 d:\hlb\hlb_sale\frameworks\cocos2d-x\cocos\renderer\cctrianglescommand.h(73) : 参见“cocos2d::TrianglesCommand::init”的声明
         SkeletonRenderer.cpp
         spine-cocos2dx.cpp
       Lib:
         D:\Program Files (x86)\Microsoft Visual Studio 12.0\VC\bin\Lib.exe /OUT:"D:\hlb\hlb_sale\frameworks\runtime-src\proj.win32\Debug.win32\libSpine.lib" /NOLOGO Debug.win32\Animation.obj
         Debug.win32\AnimationState.obj
         Debug.win32\AnimationStateData.obj
         Debug.win32\Atlas.obj
         Debug.win32\AtlasAttachmentLoader.obj
         Debug.win32\Attachment.obj
         Debug.win32\AttachmentLoader.obj
         Debug.win32\AttachmentVertices.obj
         Debug.win32\Bone.obj
         Debug.win32\BoneData.obj
         Debug.win32\BoundingBoxAttachment.obj
         Debug.win32\Cocos2dAttachmentLoader.obj
         Debug.win32\Event.obj
         Debug.win32\EventData.obj
         Debug.win32\extension.obj
         Debug.win32\IkConstraint.obj
         Debug.win32\IkConstraintData.obj
         Debug.win32\Json.obj
         Debug.win32\MeshAttachment.obj
         Debug.win32\PathAttachment.obj
         Debug.win32\PathConstraint.obj
         Debug.win32\PathConstraintData.obj
         Debug.win32\RegionAttachment.obj
         Debug.win32\Skeleton.obj
         Debug.win32\SkeletonAnimation.obj
         Debug.win32\SkeletonBatch.obj
         Debug.win32\SkeletonBinary.obj
         Debug.win32\SkeletonBounds.obj
         Debug.win32\SkeletonData.obj
         Debug.win32\SkeletonJson.obj
         Debug.win32\SkeletonRenderer.obj
         Debug.win32\Skin.obj
         Debug.win32\Slot.obj
         Debug.win32\SlotData.obj
         "Debug.win32\spine-cocos2dx.obj"
         Debug.win32\TransformConstraint.obj
         Debug.win32\TransformConstraintData.obj
         Debug.win32\VertexAttachment.obj
         libSpine.vcxproj -> D:\hlb\hlb_sale\frameworks\runtime-src\proj.win32\Debug.win32\libSpine.lib
     1>已完成生成项目“D:\hlb\hlb_sale\frameworks\cocos2d-x\cocos\editor-support\spine\proj.win32\libSpine.vcxproj”(Build 个目标)的操作。

生成成功。

已用时间 00:00:38.98
